*********************************************************************
* LD Score Regression (LDSC)
* Version 1.0.0
* (C) 2014-2015 Brendan Bulik-Sullivan and Hilary Finucane
* Broad Institute of MIT and Harvard / MIT Department of Mathematics
* GNU General Public License v3
*********************************************************************
Call: 
./ldsc.py \
--ref-ld-chr /broad/sankaranlab/ebao/LDscore/lds/all/UK10K_1000GP3_MERGED.20160410.UK10Konly.norelated.maf001.chr. \
--out /broad/sankaranlab/ebao/LDscore/gen.correlations/MPN_meta \
--rg /broad/sankaranlab/ebao/LDscore/sumstats/MPN_meta.sumstats.gz,/broad/sankaranlab/ebao/LDscore/sumstats/BASO_COUNT_correct_Z.sumstats.gz,/broad/sankaranlab/ebao/LDscore/sumstats/EO_COUNT_correct_Z.sumstats.gz,/broad/sankaranlab/ebao/LDscore/sumstats/HCT_correct_Z.sumstats.gz,/broad/sankaranlab/ebao/LDscore/sumstats/HGB_correct_Z.sumstats.gz,/broad/sankaranlab/ebao/LDscore/sumstats/LYMPH_COUNT_correct_Z.sumstats.gz,/broad/sankaranlab/ebao/LDscore/sumstats/MCH_correct_Z.sumstats.gz,/broad/sankaranlab/ebao/LDscore/sumstats/MCHC_correct_Z.sumstats.gz,/broad/sankaranlab/ebao/LDscore/sumstats/MCV_correct_Z.sumstats.gz,/broad/sankaranlab/ebao/LDscore/sumstats/MEAN_RETIC_VOL_correct_Z.sumstats.gz,/broad/sankaranlab/ebao/LDscore/sumstats/MONO_COUNT_correct_Z.sumstats.gz,/broad/sankaranlab/ebao/LDscore/sumstats/MPV_correct_Z.sumstats.gz,/broad/sankaranlab/ebao/LDscore/sumstats/NEUTRO_COUNT_correct_Z.sumstats.gz,/broad/sankaranlab/ebao/LDscore/sumstats/PLT_COUNT_correct_Z.sumstats.gz,/broad/sankaranlab/ebao/LDscore/sumstats/RBC_COUNT_correct_Z.sumstats.gz,/broad/sankaranlab/ebao/LDscore/sumstats/RETIC_COUNT_correct_Z.sumstats.gz,/broad/sankaranlab/ebao/LDscore/sumstats/WBC_COUNT_correct_Z.sumstats.gz \
--w-ld-chr /broad/sankaranlab/ebao/LDscore/lds/all/UK10K_1000GP3_MERGED.20160410.UK10Konly.norelated.maf001.chr. 

Beginning analysis at Fri Sep 28 12:23:57 2018
Reading summary statistics from /broad/sankaranlab/ebao/LDscore/sumstats/MPN_meta.sumstats.gz ...
Read summary statistics for 5609038 SNPs.
Reading reference panel LD Score from /broad/sankaranlab/ebao/LDscore/lds/all/UK10K_1000GP3_MERGED.20160410.UK10Konly.norelated.maf001.chr.[1-22] ...
Read reference panel LD Scores for 17478437 SNPs.
Removing partitioned LD Scores with zero variance.
Reading regression weight LD Score from /broad/sankaranlab/ebao/LDscore/lds/all/UK10K_1000GP3_MERGED.20160410.UK10Konly.norelated.maf001.chr.[1-22] ...
Read regression weight LD Scores for 17478437 SNPs.
After merging with reference panel LD, 5609038 SNPs remain.
After merging with regression SNP LD, 5609038 SNPs remain.
Computing rg for phenotype 2/17
Reading summary statistics from /broad/sankaranlab/ebao/LDscore/sumstats/BASO_COUNT_correct_Z.sumstats.gz ...
Read summary statistics for 6658909 SNPs.
After merging with summary statistics, 5486547 SNPs remain.
5486547 SNPs with valid alleles.

Heritability of phenotype 1
---------------------------
Total Observed scale h2: 0.0043 (0.0017)
Lambda GC: 1.0345
Mean Chi^2: 1.0689
Intercept: 0.9991 (0.0105)
Ratio < 0 (usually indicates GC correction).

Heritability of phenotype 2/17
------------------------------
Total Observed scale h2: 0.0436 (0.0063)
Lambda GC: 1.0957
Mean Chi^2: 1.1374
Intercept: 1.012 (0.0076)
Ratio: 0.087 (0.0551)

Genetic Covariance
------------------
Total Observed scale gencov: 0.0005 (0.0009)
Mean z1*z2: 0.012
Intercept: 0.0053 (0.0039)

Genetic Correlation
-------------------
Genetic Correlation: 0.0397 (0.0689)
Z-score: 0.576
P: 0.5646

Computing rg for phenotype 3/17
Reading summary statistics from /broad/sankaranlab/ebao/LDscore/sumstats/EO_COUNT_correct_Z.sumstats.gz ...
Read summary statistics for 6658909 SNPs.
After merging with summary statistics, 5486547 SNPs remain.
5486547 SNPs with valid alleles.

Heritability of phenotype 3/17
------------------------------
Total Observed scale h2: 0.1589 (0.0212)
Lambda GC: 1.2531
Mean Chi^2: 1.5646
Intercept: 1.0665 (0.0206)
Ratio: 0.1178 (0.0365)

Genetic Covariance
------------------
Total Observed scale gencov: 0.0025 (0.0019)
Mean z1*z2: 0.019
Intercept: -0.0007 (0.0057)

Genetic Correlation
-------------------
Genetic Correlation: 0.0976 (0.0639)
Z-score: 1.5266
P: 0.1269

Computing rg for phenotype 4/17
Reading summary statistics from /broad/sankaranlab/ebao/LDscore/sumstats/HCT_correct_Z.sumstats.gz ...
Read summary statistics for 6658889 SNPs.
After merging with summary statistics, 5486545 SNPs remain.
5486545 SNPs with valid alleles.

Heritability of phenotype 4/17
------------------------------
Total Observed scale h2: 0.1073 (0.014)
Lambda GC: 1.2531
Mean Chi^2: 1.4292
Intercept: 1.0946 (0.0185)
Ratio: 0.2205 (0.0431)

Genetic Covariance
------------------
Total Observed scale gencov: 0.0042 (0.0019)
Mean z1*z2: 0.0529
Intercept: 0.0102 (0.0053)

Genetic Correlation
-------------------
Genetic Correlation: 0.1954 (0.0807)
Z-score: 2.4217
P: 0.0154

Computing rg for phenotype 5/17
Reading summary statistics from /broad/sankaranlab/ebao/LDscore/sumstats/HGB_correct_Z.sumstats.gz ...
Read summary statistics for 6658886 SNPs.
After merging with summary statistics, 5486545 SNPs remain.
5486545 SNPs with valid alleles.

Heritability of phenotype 5/17
------------------------------
Total Observed scale h2: 0.1217 (0.0207)
Lambda GC: 1.2531
Mean Chi^2: 1.4815
Intercept: 1.0902 (0.0242)
Ratio: 0.1873 (0.0502)

Genetic Covariance
------------------
Total Observed scale gencov: 0.0046 (0.0023)
Mean z1*z2: 0.0533
Intercept: 0.0065 (0.0059)

Genetic Correlation
-------------------
Genetic Correlation: 0.2025 (0.0911)
Z-score: 2.2227
P: 0.0262

Computing rg for phenotype 6/17
Reading summary statistics from /broad/sankaranlab/ebao/LDscore/sumstats/LYMPH_COUNT_correct_Z.sumstats.gz ...
Read summary statistics for 6658909 SNPs.
After merging with summary statistics, 5486547 SNPs remain.
5486547 SNPs with valid alleles.

Heritability of phenotype 6/17
------------------------------
Total Observed scale h2: 0.1697 (0.0172)
Lambda GC: 1.2531
Mean Chi^2: 1.6087
Intercept: 1.0598 (0.0171)
Ratio: 0.0982 (0.0281)

Genetic Covariance
------------------
Total Observed scale gencov: 0.0021 (0.0015)
Mean z1*z2: 0.0151
Intercept: -0.0035 (0.005)

Genetic Correlation
-------------------
Genetic Correlation: 0.0781 (0.0611)
Z-score: 1.2781
P: 0.2012

Computing rg for phenotype 7/17
Reading summary statistics from /broad/sankaranlab/ebao/LDscore/sumstats/MCH_correct_Z.sumstats.gz ...
Read summary statistics for 6658864 SNPs.
After merging with summary statistics, 5486526 SNPs remain.
5486526 SNPs with valid alleles.

Heritability of phenotype 7/17
------------------------------
Total Observed scale h2: 0.2201 (0.0413)
Lambda GC: 1.2531
Mean Chi^2: 1.701
Intercept: 1.0667 (0.0444)
Ratio: 0.0952 (0.0634)

Genetic Covariance
------------------
Total Observed scale gencov: -4.0650e-05 (0.0028)
Mean z1*z2: -0.0036
Intercept: -0.0021 (0.0071)

Genetic Correlation
-------------------
Genetic Correlation: -0.0013 (0.0982)
Z-score: -0.0135
P: 0.9892

Computing rg for phenotype 8/17
Reading summary statistics from /broad/sankaranlab/ebao/LDscore/sumstats/MCHC_correct_Z.sumstats.gz ...
Read summary statistics for 6658886 SNPs.
After merging with summary statistics, 5486545 SNPs remain.
5486545 SNPs with valid alleles.

Heritability of phenotype 8/17
------------------------------
Total Observed scale h2: 0.0583 (0.0136)
Lambda GC: 1.0957
Mean Chi^2: 1.1865
Intercept: 1.0185 (0.0156)
Ratio: 0.0991 (0.0837)

Genetic Covariance
------------------
Total Observed scale gencov: 0.0009 (0.0018)
Mean z1*z2: -0.0035
Intercept: -0.0118 (0.005)

Genetic Correlation
-------------------
Genetic Correlation: 0.0575 (0.1207)
Z-score: 0.4761
P: 0.634

Computing rg for phenotype 9/17
Reading summary statistics from /broad/sankaranlab/ebao/LDscore/sumstats/MCV_correct_Z.sumstats.gz ...
Read summary statistics for 6658889 SNPs.
After merging with summary statistics, 5486545 SNPs remain.
5486545 SNPs with valid alleles.

Heritability of phenotype 9/17
------------------------------
Total Observed scale h2: 0.224 (0.0335)
Lambda GC: 1.2531
Mean Chi^2: 1.707
Intercept: 1.082 (0.0371)
Ratio: 0.116 (0.0524)

Genetic Covariance
------------------
Total Observed scale gencov: -0.0005 (0.0025)
Mean z1*z2: -0.0038
Intercept: 0.0025 (0.007)

Genetic Correlation
-------------------
Genetic Correlation: -0.0169 (0.0866)
Z-score: -0.1953
P: 0.8451

Computing rg for phenotype 10/17
Reading summary statistics from /broad/sankaranlab/ebao/LDscore/sumstats/MEAN_RETIC_VOL_correct_Z.sumstats.gz ...
Read summary statistics for 6658832 SNPs.
After merging with summary statistics, 5486451 SNPs remain.
5486451 SNPs with valid alleles.

Heritability of phenotype 10/17
-------------------------------
Total Observed scale h2: 0.1482 (0.017)
Lambda GC: 1.2005
Mean Chi^2: 1.517
Intercept: 1.0914 (0.024)
Ratio: 0.1769 (0.0464)

Genetic Covariance
------------------
Total Observed scale gencov: -0.0046 (0.0015)
Mean z1*z2: -0.0233
Intercept: 0.0212 (0.0055)

Genetic Correlation
-------------------
Genetic Correlation: -0.1837 (0.0646)
Z-score: -2.8435
P: 0.0045

Computing rg for phenotype 11/17
Reading summary statistics from /broad/sankaranlab/ebao/LDscore/sumstats/MONO_COUNT_correct_Z.sumstats.gz ...
Read summary statistics for 6658909 SNPs.
After merging with summary statistics, 5486547 SNPs remain.
5486547 SNPs with valid alleles.

Heritability of phenotype 11/17
-------------------------------
Total Observed scale h2: 0.1548 (0.0227)
Lambda GC: 1.2531
Mean Chi^2: 1.5903
Intercept: 1.1128 (0.0306)
Ratio: 0.1911 (0.0519)

Genetic Covariance
------------------
Total Observed scale gencov: 0.0054 (0.0013)
Mean z1*z2: 0.0449
Intercept: -0.0012 (0.0045)

Genetic Correlation
-------------------
Genetic Correlation: 0.2087 (0.075)
Z-score: 2.7833
P: 0.0054

Computing rg for phenotype 12/17
Reading summary statistics from /broad/sankaranlab/ebao/LDscore/sumstats/MPV_correct_Z.sumstats.gz ...
Read summary statistics for 6658841 SNPs.
After merging with summary statistics, 5486494 SNPs remain.
5486494 SNPs with valid alleles.

Heritability of phenotype 12/17
-------------------------------
Total Observed scale h2: 0.3183 (0.0451)
Lambda GC: 1.2531
Mean Chi^2: 1.8788
Intercept: 1.0721 (0.0369)
Ratio: 0.0821 (0.042)

Genetic Covariance
------------------
Total Observed scale gencov: -0.0007 (0.0017)
Mean z1*z2: -0.0133
Intercept: 0.0011 (0.0056)

Genetic Correlation
-------------------
Genetic Correlation: -0.0177 (0.0485)
Z-score: -0.3646
P: 0.7154

Computing rg for phenotype 13/17
Reading summary statistics from /broad/sankaranlab/ebao/LDscore/sumstats/NEUTRO_COUNT_correct_Z.sumstats.gz ...
Read summary statistics for 6658909 SNPs.
After merging with summary statistics, 5486547 SNPs remain.
5486547 SNPs with valid alleles.

Heritability of phenotype 13/17
-------------------------------
Total Observed scale h2: 0.1491 (0.0184)
Lambda GC: 1.2531
Mean Chi^2: 1.5143
Intercept: 1.039 (0.0163)
Ratio: 0.0759 (0.0317)

Genetic Covariance
------------------
Total Observed scale gencov: 0.0051 (0.0012)
Mean z1*z2: 0.0508
Intercept: 0.0046 (0.0049)

Genetic Correlation
-------------------
Genetic Correlation: 0.2025 (0.054)
Z-score: 3.7532
P: 0.0002

Computing rg for phenotype 14/17
Reading summary statistics from /broad/sankaranlab/ebao/LDscore/sumstats/PLT_COUNT_correct_Z.sumstats.gz ...
Read summary statistics for 6658886 SNPs.
After merging with summary statistics, 5486545 SNPs remain.
5486545 SNPs with valid alleles.

Heritability of phenotype 14/17
-------------------------------
Total Observed scale h2: 0.2228 (0.0234)
Lambda GC: 1.3101
Mean Chi^2: 1.6695
Intercept: 1.0982 (0.0245)
Ratio: 0.1467 (0.0366)

Genetic Covariance
------------------
Total Observed scale gencov: 0.0048 (0.0019)
Mean z1*z2: 0.0598
Intercept: 0.0241 (0.0063)

Genetic Correlation
-------------------
Genetic Correlation: 0.1563 (0.0887)
Z-score: 1.7619
P: 0.0781

Computing rg for phenotype 15/17
Reading summary statistics from /broad/sankaranlab/ebao/LDscore/sumstats/RBC_COUNT_correct_Z.sumstats.gz ...
Read summary statistics for 6658889 SNPs.
After merging with summary statistics, 5486545 SNPs remain.
5486545 SNPs with valid alleles.

Heritability of phenotype 15/17
-------------------------------
Total Observed scale h2: 0.162 (0.0159)
Lambda GC: 1.3101
Mean Chi^2: 1.5671
Intercept: 1.1039 (0.0179)
Ratio: 0.1832 (0.0316)

Genetic Covariance
------------------
Total Observed scale gencov: 0.0038 (0.0017)
Mean z1*z2: 0.0498
Intercept: 0.0091 (0.0048)

Genetic Correlation
-------------------
Genetic Correlation: 0.1435 (0.0594)
Z-score: 2.4164
P: 0.0157

Computing rg for phenotype 16/17
Reading summary statistics from /broad/sankaranlab/ebao/LDscore/sumstats/RETIC_COUNT_correct_Z.sumstats.gz ...
Read summary statistics for 6658832 SNPs.
After merging with summary statistics, 5486451 SNPs remain.
5486451 SNPs with valid alleles.

Heritability of phenotype 16/17
-------------------------------
Total Observed scale h2: 0.1498 (0.0159)
Lambda GC: 1.2531
Mean Chi^2: 1.5176
Intercept: 1.0706 (0.0243)
Ratio: 0.1363 (0.0469)

Genetic Covariance
------------------
Total Observed scale gencov: 0.0029 (0.0018)
Mean z1*z2: 0.0385
Intercept: 0.0034 (0.0053)

Genetic Correlation
-------------------
Genetic Correlation: 0.1132 (0.0707)
Z-score: 1.6026
P: 0.109

Computing rg for phenotype 17/17
Reading summary statistics from /broad/sankaranlab/ebao/LDscore/sumstats/WBC_COUNT_correct_Z.sumstats.gz ...
Read summary statistics for 6658889 SNPs.
After merging with summary statistics, 5486545 SNPs remain.
5486545 SNPs with valid alleles.

Heritability of phenotype 17/17
-------------------------------
Total Observed scale h2: 0.1767 (0.0206)
Lambda GC: 1.3101
Mean Chi^2: 1.6456
Intercept: 1.0438 (0.0187)
Ratio: 0.0678 (0.029)

Genetic Covariance
------------------
Total Observed scale gencov: 0.0052 (0.0013)
Mean z1*z2: 0.0524
Intercept: 0.0052 (0.005)

Genetic Correlation
-------------------
Genetic Correlation: 0.1894 (0.056)
Z-score: 3.3811
P: 0.0007


Summary of Genetic Correlation Results
p1                                                                             p2      rg      se       z       p  h2_obs  h2_obs_se  h2_int  h2_int_se  gcov_int  gcov_int_se
/broad/sankaranlab/ebao/LDscore/sumstats/MPN_meta.sumstats.gz      /broad/sankaranlab/ebao/LDscore/sumstats/BASO_COUNT_correct_Z.sumstats.gz  0.0397  0.0689  0.5760  0.5646  0.0436     0.0063  1.0120     0.0076    0.0053       0.0039
/broad/sankaranlab/ebao/LDscore/sumstats/MPN_meta.sumstats.gz        /broad/sankaranlab/ebao/LDscore/sumstats/EO_COUNT_correct_Z.sumstats.gz  0.0976  0.0639  1.5266  0.1269  0.1589     0.0212  1.0665     0.0206   -0.0007       0.0057
/broad/sankaranlab/ebao/LDscore/sumstats/MPN_meta.sumstats.gz             /broad/sankaranlab/ebao/LDscore/sumstats/HCT_correct_Z.sumstats.gz  0.1954  0.0807  2.4217  0.0154  0.1073     0.0140  1.0946     0.0185    0.0102       0.0053
/broad/sankaranlab/ebao/LDscore/sumstats/MPN_meta.sumstats.gz             /broad/sankaranlab/ebao/LDscore/sumstats/HGB_correct_Z.sumstats.gz  0.2025  0.0911  2.2227  0.0262  0.1217     0.0207  1.0902     0.0242    0.0065       0.0059
/broad/sankaranlab/ebao/LDscore/sumstats/MPN_meta.sumstats.gz     /broad/sankaranlab/ebao/LDscore/sumstats/LYMPH_COUNT_correct_Z.sumstats.gz  0.0781  0.0611  1.2781  0.2012  0.1697     0.0172  1.0598     0.0171   -0.0035       0.0050
/broad/sankaranlab/ebao/LDscore/sumstats/MPN_meta.sumstats.gz             /broad/sankaranlab/ebao/LDscore/sumstats/MCH_correct_Z.sumstats.gz -0.0013  0.0982 -0.0135  0.9892  0.2201     0.0413  1.0667     0.0444   -0.0021       0.0071
/broad/sankaranlab/ebao/LDscore/sumstats/MPN_meta.sumstats.gz            /broad/sankaranlab/ebao/LDscore/sumstats/MCHC_correct_Z.sumstats.gz  0.0575  0.1207  0.4761  0.6340  0.0583     0.0136  1.0185     0.0156   -0.0118       0.0050
/broad/sankaranlab/ebao/LDscore/sumstats/MPN_meta.sumstats.gz             /broad/sankaranlab/ebao/LDscore/sumstats/MCV_correct_Z.sumstats.gz -0.0169  0.0866 -0.1953  0.8451  0.2240     0.0335  1.0820     0.0371    0.0025       0.0070
/broad/sankaranlab/ebao/LDscore/sumstats/MPN_meta.sumstats.gz  /broad/sankaranlab/ebao/LDscore/sumstats/MEAN_RETIC_VOL_correct_Z.sumstats.gz -0.1837  0.0646 -2.8435  0.0045  0.1482     0.0170  1.0914     0.0240    0.0212       0.0055
/broad/sankaranlab/ebao/LDscore/sumstats/MPN_meta.sumstats.gz      /broad/sankaranlab/ebao/LDscore/sumstats/MONO_COUNT_correct_Z.sumstats.gz  0.2087  0.0750  2.7833  0.0054  0.1548     0.0227  1.1128     0.0306   -0.0012       0.0045
/broad/sankaranlab/ebao/LDscore/sumstats/MPN_meta.sumstats.gz             /broad/sankaranlab/ebao/LDscore/sumstats/MPV_correct_Z.sumstats.gz -0.0177  0.0485 -0.3646  0.7154  0.3183     0.0451  1.0721     0.0369    0.0011       0.0056
/broad/sankaranlab/ebao/LDscore/sumstats/MPN_meta.sumstats.gz    /broad/sankaranlab/ebao/LDscore/sumstats/NEUTRO_COUNT_correct_Z.sumstats.gz  0.2025  0.0540  3.7532  0.0002  0.1491     0.0184  1.0390     0.0163    0.0046       0.0049
/broad/sankaranlab/ebao/LDscore/sumstats/MPN_meta.sumstats.gz       /broad/sankaranlab/ebao/LDscore/sumstats/PLT_COUNT_correct_Z.sumstats.gz  0.1563  0.0887  1.7619  0.0781  0.2228     0.0234  1.0982     0.0245    0.0241       0.0063
/broad/sankaranlab/ebao/LDscore/sumstats/MPN_meta.sumstats.gz       /broad/sankaranlab/ebao/LDscore/sumstats/RBC_COUNT_correct_Z.sumstats.gz  0.1435  0.0594  2.4164  0.0157  0.1620     0.0159  1.1039     0.0179    0.0091       0.0048
/broad/sankaranlab/ebao/LDscore/sumstats/MPN_meta.sumstats.gz     /broad/sankaranlab/ebao/LDscore/sumstats/RETIC_COUNT_correct_Z.sumstats.gz  0.1132  0.0707  1.6026  0.1090  0.1498     0.0159  1.0706     0.0243    0.0034       0.0053
/broad/sankaranlab/ebao/LDscore/sumstats/MPN_meta.sumstats.gz       /broad/sankaranlab/ebao/LDscore/sumstats/WBC_COUNT_correct_Z.sumstats.gz  0.1894  0.0560  3.3811  0.0007  0.1767     0.0206  1.0438     0.0187    0.0052       0.0050

Analysis finished at Fri Sep 28 12:39:00 2018
Total time elapsed: 15.0m:2.89s
